#
# There is insufficient memory for the Java Runtime Environment to continue.
# Native memory allocation (mmap) failed to map 98566144 bytes for G1 virtual space
# Possible reasons:
#   The system is out of physical RAM or swap space
#   The process is running with CompressedOops enabled, and the Java Heap may be blocking the growth of the native heap
# Possible solutions:
#   Reduce memory load on the system
#   Increase physical memory or swap space
#   Check if swap backing store is full
#   Decrease Java heap size (-Xmx/-Xms)
#   Decrease number of Java threads
#   Decrease Java thread stack sizes (-Xss)
#   Set larger code cache with -XX:ReservedCodeCacheSize=
#   JVM is running with Unscaled Compressed Oops mode in which the Java heap is
#     placed in the first 4GB address space. The Java Heap base address is the
#     maximum limit for the native heap growth. Please use -XX:HeapBaseMinAddress
#     to set the Java Heap base and to place the Java Heap above 4GB virtual address.
# This output file may be truncated or incomplete.
#
#  Out of Memory Error (os_windows.cpp:3613), pid=16196, tid=31404
#
# JRE version:  (17.0.9+9) (build )
# Java VM: OpenJDK 64-Bit Server VM (17.0.9+9, mixed mode, sharing, tiered, compressed oops, compressed class ptrs, g1 gc, windows-amd64)
# No core dump will be written. Minidumps are not enabled by default on client versions of Windows
#

---------------  S U M M A R Y ------------

Command Line: -ea -Dfile.encoding=UTF-8 -Dstdout.encoding=UTF-8 -Dstderr.encoding=UTF-8 -XX:+ShowCodeDetailsInExceptionMessages org.testng.remote.RemoteTestNG -serport 53086 -protocol json -d C:\Users\syahmia\eclipse-workspace\AutomationToped\test-output C:\Users\syahmia\AppData\Local\Temp\testng-eclipse--1094821225\testng-customsuite.xml

Host: AMD Ryzen 5 7520U with Radeon Graphics         , 8 cores, 5G,  Windows 11 , 64 bit Build 22621 (10.0.22621.3235)
Time: Mon Apr  8 09:54:42 2024 SE Asia Standard Time elapsed time: 0.074560 seconds (0d 0h 0m 0s)

---------------  T H R E A D  ---------------

Current thread (0x000001c8bddd46c0):  JavaThread "Unknown thread" [_thread_in_vm, id=31404, stack(0x000000a428100000,0x000000a428200000)]

Stack: [0x000000a428100000,0x000000a428200000]
Native frames: (J=compiled Java code, j=interpreted, Vv=VM code, C=native code)
V  [jvm.dll+0x67cf49]
V  [jvm.dll+0x83478a]
V  [jvm.dll+0x83624e]
V  [jvm.dll+0x8368b3]
V  [jvm.dll+0x247f1f]
V  [jvm.dll+0x679d69]
V  [jvm.dll+0x66e6ba]
V  [jvm.dll+0x307e5b]
V  [jvm.dll+0x30f306]
V  [jvm.dll+0x35f0ce]
V  [jvm.dll+0x35f2ff]
V  [jvm.dll+0x2dea58]
V  [jvm.dll+0x2df9c4]
V  [jvm.dll+0x806031]
V  [jvm.dll+0x36cf31]
V  [jvm.dll+0x7e4aac]
V  [jvm.dll+0x3f07af]
V  [jvm.dll+0x3f23e1]
C  [jli.dll+0x528f]
C  [ucrtbase.dll+0x29363]
C  [KERNEL32.DLL+0x1257d]
C  [ntdll.dll+0x5aa58]


---------------  P R O C E S S  ---------------

Threads class SMR info:
_java_thread_list=0x00007ff893f4ee98, length=0, elements={
}

Java Threads: ( => current thread )

Other Threads:
  0x000001c8bde23510 GCTaskThread "GC Thread#0" [stack: 0x000000a428200000,0x000000a428300000] [id=8372]
  0x000001c8bde30680 ConcurrentGCThread "G1 Main Marker" [stack: 0x000000a428300000,0x000000a428400000] [id=31464]
  0x000001c8bde310a0 ConcurrentGCThread "G1 Conc#0" [stack: 0x000000a428400000,0x000000a428500000] [id=32252]

[error occurred during error reporting (printing all threads), id 0xc0000005, EXCEPTION_ACCESS_VIOLATION (0xc0000005) at pc=0x00007ff89370f497]

VM state: not at safepoint (not fully initialized)

VM Mutex/Monitor currently owned by a thread:  ([mutex/lock_event])
[0x000001c8bddbb560] Heap_lock - owner thread: 0x000001c8bddd46c0

Heap address: 0x00000000a2c00000, size: 1492 MB, Compressed Oops mode: 32-bit

CDS archive(s) mapped at: [0x0000000000000000-0x0000000000000000-0x0000000000000000), size 0, SharedBaseAddress: 0x0000000800000000, ArchiveRelocationMode: 1.
Narrow klass base: 0x0000000000000000, Narrow klass shift: 0, Narrow klass range: 0x0

GC Precious Log:
<Empty>

Heap:
 garbage-first heap   total 0K, used 0K [0x00000000a2c00000, 0x0000000100000000)
  region size 1024K, 0 young (0K), 0 survivors (0K)

[error occurred during error reporting (printing heap information), id 0xc0000005, EXCEPTION_ACCESS_VIOLATION (0xc0000005) at pc=0x00007ff893af6c79]

GC Heap History (0 events):
No events

Dll operation events (1 events):
Event: 0.051 Loaded shared library D:\eclipse-java\eclipse\plugins\org.eclipse.justj.openjdk.hotspot.jre.full.win32.x86_64_17.0.9.v20231028-0858\jre\bin\java.dll

Deoptimization events (0 events):
No events

Classes unloaded (0 events):
No events

Classes redefined (0 events):
No events

Internal exceptions (0 events):
No events

VM Operations (0 events):
No events

Events (0 events):
No events


Dynamic libraries:
0x00007ff768a30000 - 0x00007ff768a3e000 	D:\eclipse-java\eclipse\plugins\org.eclipse.justj.openjdk.hotspot.jre.full.win32.x86_64_17.0.9.v20231028-0858\jre\bin\javaw.exe
0x00007ff924210000 - 0x00007ff924426000 	C:\Windows\SYSTEM32\ntdll.dll
0x00007ff922d10000 - 0x00007ff922dd4000 	C:\Windows\System32\KERNEL32.DLL
0x00007ff921ac0000 - 0x00007ff921e66000 	C:\Windows\System32\KERNELBASE.dll
0x00007ff921550000 - 0x00007ff921661000 	C:\Windows\System32\ucrtbase.dll
0x00007ff90c740000 - 0x00007ff90c75b000 	D:\eclipse-java\eclipse\plugins\org.eclipse.justj.openjdk.hotspot.jre.full.win32.x86_64_17.0.9.v20231028-0858\jre\bin\VCRUNTIME140.dll
0x00007ff90c720000 - 0x00007ff90c737000 	D:\eclipse-java\eclipse\plugins\org.eclipse.justj.openjdk.hotspot.jre.full.win32.x86_64_17.0.9.v20231028-0858\jre\bin\jli.dll
0x00007ff9221a0000 - 0x00007ff92234d000 	C:\Windows\System32\USER32.dll
0x00007ff921880000 - 0x00007ff9218a6000 	C:\Windows\System32\win32u.dll
0x00007ff90ef40000 - 0x00007ff90f1d3000 	C:\Windows\WinSxS\amd64_microsoft.windows.common-controls_6595b64144ccf1df_6.0.22621.3235_none_270f74e173860f98\COMCTL32.dll
0x00007ff923b50000 - 0x00007ff923b79000 	C:\Windows\System32\GDI32.dll
0x00007ff922c60000 - 0x00007ff922d07000 	C:\Windows\System32\msvcrt.dll
0x00007ff9218e0000 - 0x00007ff9219f8000 	C:\Windows\System32\gdi32full.dll
0x00007ff921670000 - 0x00007ff92170a000 	C:\Windows\System32\msvcp_win.dll
0x00007ff923b80000 - 0x00007ff923bb1000 	C:\Windows\System32\IMM32.DLL
0x00007ff90c850000 - 0x00007ff90c85c000 	D:\eclipse-java\eclipse\plugins\org.eclipse.justj.openjdk.hotspot.jre.full.win32.x86_64_17.0.9.v20231028-0858\jre\bin\vcruntime140_1.dll
0x00007ff900360000 - 0x00007ff9003ed000 	D:\eclipse-java\eclipse\plugins\org.eclipse.justj.openjdk.hotspot.jre.full.win32.x86_64_17.0.9.v20231028-0858\jre\bin\msvcp140.dll
0x00007ff893420000 - 0x00007ff894081000 	D:\eclipse-java\eclipse\plugins\org.eclipse.justj.openjdk.hotspot.jre.full.win32.x86_64_17.0.9.v20231028-0858\jre\bin\server\jvm.dll
0x00007ff922060000 - 0x00007ff922112000 	C:\Windows\System32\ADVAPI32.dll
0x00007ff922f10000 - 0x00007ff922fb8000 	C:\Windows\System32\sechost.dll
0x00007ff9218b0000 - 0x00007ff9218d8000 	C:\Windows\System32\bcrypt.dll
0x00007ff922df0000 - 0x00007ff922f05000 	C:\Windows\System32\RPCRT4.dll
0x00007ff920e80000 - 0x00007ff920ecd000 	C:\Windows\SYSTEM32\POWRPROF.dll
0x00007ff9187e0000 - 0x00007ff918814000 	C:\Windows\SYSTEM32\WINMM.dll
0x00007ff9028d0000 - 0x00007ff9028d9000 	C:\Windows\SYSTEM32\WSOCK32.dll
0x00007ff922690000 - 0x00007ff922701000 	C:\Windows\System32\WS2_32.dll
0x00007ff918430000 - 0x00007ff91843a000 	C:\Windows\SYSTEM32\VERSION.dll
0x00007ff920e00000 - 0x00007ff920e13000 	C:\Windows\SYSTEM32\UMPDC.dll
0x00007ff920590000 - 0x00007ff9205a8000 	C:\Windows\SYSTEM32\kernel.appcore.dll
0x00007ff91c280000 - 0x00007ff91c28a000 	D:\eclipse-java\eclipse\plugins\org.eclipse.justj.openjdk.hotspot.jre.full.win32.x86_64_17.0.9.v20231028-0858\jre\bin\jimage.dll
0x00007ff91eee0000 - 0x00007ff91f113000 	C:\Windows\SYSTEM32\DBGHELP.DLL
0x00007ff923ca0000 - 0x00007ff924028000 	C:\Windows\System32\combase.dll
0x00007ff922350000 - 0x00007ff922427000 	C:\Windows\System32\OLEAUT32.dll
0x00007ff901230000 - 0x00007ff901262000 	C:\Windows\SYSTEM32\dbgcore.DLL
0x00007ff921e70000 - 0x00007ff921eea000 	C:\Windows\System32\bcryptPrimitives.dll
0x00007ff90aa20000 - 0x00007ff90aa45000 	D:\eclipse-java\eclipse\plugins\org.eclipse.justj.openjdk.hotspot.jre.full.win32.x86_64_17.0.9.v20231028-0858\jre\bin\java.dll

dbghelp: loaded successfully - version: 4.0.5 - missing functions: none
symbol engine: initialized successfully - sym options: 0x614 - pdb path: .;D:\eclipse-java\eclipse\plugins\org.eclipse.justj.openjdk.hotspot.jre.full.win32.x86_64_17.0.9.v20231028-0858\jre\bin;C:\Windows\SYSTEM32;C:\Windows\WinSxS\amd64_microsoft.windows.common-controls_6595b64144ccf1df_6.0.22621.3235_none_270f74e173860f98;D:\eclipse-java\eclipse\plugins\org.eclipse.justj.openjdk.hotspot.jre.full.win32.x86_64_17.0.9.v20231028-0858\jre\bin\server

VM Arguments:
jvm_args: -ea -Dfile.encoding=UTF-8 -Dstdout.encoding=UTF-8 -Dstderr.encoding=UTF-8 -XX:+ShowCodeDetailsInExceptionMessages 
java_command: org.testng.remote.RemoteTestNG -serport 53086 -protocol json -d C:\Users\syahmia\eclipse-workspace\AutomationToped\test-output C:\Users\syahmia\AppData\Local\Temp\testng-eclipse--1094821225\testng-customsuite.xml
java_class_path (initial): D:\eclipse-java\eclipse\configuration\org.eclipse.osgi\561\0\.cp\lib\testng-remote.jar;C:\Users\syahmia\eclipse-workspace\AutomationToped\target\test-classes;C:\Users\syahmia\eclipse-workspace\AutomationToped\target\classes;C:\Users\syahmia\.m2\repository\io\cucumber\cucumber-java\7.16.1\cucumber-java-7.16.1.jar;C:\Users\syahmia\.m2\repository\io\cucumber\cucumber-core\7.16.1\cucumber-core-7.16.1.jar;C:\Users\syahmia\.m2\repository\io\cucumber\cucumber-gherkin\7.16.1\cucumber-gherkin-7.16.1.jar;C:\Users\syahmia\.m2\repository\io\cucumber\cucumber-gherkin-messages\7.16.1\cucumber-gherkin-messages-7.16.1.jar;C:\Users\syahmia\.m2\repository\io\cucumber\gherkin\28.0.0\gherkin-28.0.0.jar;C:\Users\syahmia\.m2\repository\io\cucumber\messages\24.1.0\messages-24.1.0.jar;C:\Users\syahmia\.m2\repository\io\cucumber\tag-expressions\6.1.0\tag-expressions-6.1.0.jar;C:\Users\syahmia\.m2\repository\io\cucumber\cucumber-expressions\17.1.0\cucumber-expressions-17.1.0.jar;C:\Users\syahmia\.m2\repository\io\cucumber\datatable\7.16.1\datatable-7.16.1.jar;C:\Users\syahmia\.m2\repository\io\cucumber\cucumber-plugin\7.16.1\cucumber-plugin-7.16.1.jar;C:\Users\syahmia\.m2\repository\io\cucumber\docstring\7.16.1\docstring-7.16.1.jar;C:\Users\syahmia\.m2\repository\io\cucumber\html-formatter\21.3.0\html-formatter-21.3.0.jar;C:\Users\syahmia\.m2\repository\io\cucumber\junit-xml-formatter\0.3.0\junit-xml-formatter-0.3.0.jar;C:\Users\syahmia\.m2\repository\io\cucumber\ci-environment\10.0.1\ci-environment-10.0.1.jar;C:\Users\syahmia\.m2\repository\org\apiguardian\apiguardian-api\1.1.2\apiguardian-api-1.1.2.jar;C:\Users\syahmia\.m2\repository\io\cucumber\cucumber-testng\7.16.1\cucumber-testng-7.16.1.jar;C:\Users\syahmia\.m2\repository\org\testng\testng\7.9.0\testng-7.9.0.jar;C:\Users\syahmia\.m2\repository\org\slf4j\slf4j-api\1.7.36\slf4j-api-1.7.36.jar;C:\Users\syahmia\.m2\repository\com\beust\jcommander\1.82\jcommander-1.82.jar;C:\Users\syahmia\.m2\repository\org\webj
Launcher Type: SUN_STANDARD

[Global flags]
     intx CICompilerCount                          = 4                                         {product} {ergonomic}
     uint ConcGCThreads                            = 2                                         {product} {ergonomic}
     uint G1ConcRefinementThreads                  = 8                                         {product} {ergonomic}
   size_t G1HeapRegionSize                         = 1048576                                   {product} {ergonomic}
    uintx GCDrainStackTargetSize                   = 64                                        {product} {ergonomic}
   size_t InitialHeapSize                          = 98566144                                  {product} {ergonomic}
   size_t MarkStackSize                            = 4194304                                   {product} {ergonomic}
   size_t MaxHeapSize                              = 1564475392                                {product} {ergonomic}
   size_t MinHeapDeltaBytes                        = 1048576                                   {product} {ergonomic}
   size_t MinHeapSize                              = 8388608                                   {product} {ergonomic}
    uintx NonNMethodCodeHeapSize                   = 5839372                                {pd product} {ergonomic}
    uintx NonProfiledCodeHeapSize                  = 122909434                              {pd product} {ergonomic}
    uintx ProfiledCodeHeapSize                     = 122909434                              {pd product} {ergonomic}
    uintx ReservedCodeCacheSize                    = 251658240                              {pd product} {ergonomic}
     bool SegmentedCodeCache                       = true                                      {product} {ergonomic}
     bool ShowCodeDetailsInExceptionMessages       = true                                   {manageable} {command line}
   size_t SoftMaxHeapSize                          = 1564475392                             {manageable} {ergonomic}
     bool UseCompressedClassPointers               = true                           {product lp64_product} {ergonomic}
     bool UseCompressedOops                        = true                           {product lp64_product} {ergonomic}
     bool UseG1GC                                  = true                                      {product} {ergonomic}
     bool UseLargePagesIndividualAllocation        = false                                  {pd product} {ergonomic}

Logging:
Log output configuration:
 #0: stdout all=warning uptime,level,tags
 #1: stderr all=off uptime,level,tags

Environment Variables:
JAVA_HOME=C:\Program Files\Java\jdk-21
PATH=D:/eclipse-java/eclipse//plugins/org.eclipse.justj.openjdk.hotspot.jre.full.win32.x86_64_17.0.9.v20231028-0858/jre/bin/server;D:/eclipse-java/eclipse//plugins/org.eclipse.justj.openjdk.hotspot.jre.full.win32.x86_64_17.0.9.v20231028-0858/jre/bin;C:\Program Files\Common Files\Oracle\Java\javapath;C:\Windows\system32;C:\Windows;C:\Windows\System32\Wbem;C:\Windows\System32\WindowsPowerShell\v1.0\;C:\Windows\System32\OpenSSH\;C:\Program Files\Git\cmd;C:\Program Files\Java\jdk-21\bin;C:\Users\syahmia\AppData\Local\Programs\Python\Python312\Scripts\;C:\Users\syahmia\AppData\Local\Programs\Python\Python312\;C:\Users\syahmia\AppData\Local\Programs\Python\Launcher\;C:\Users\syahmia\AppData\Local\Microsoft\WindowsApps;;C:\Users\syahmia\AppData\Local\Programs\Microsoft VS Code\bin;C:\Program Files\JetBrains\PyCharm Community Edition 2023.2.3\bin;;D:\eclipse-java\eclipse;
USERNAME=syahmia
OS=Windows_NT
PROCESSOR_IDENTIFIER=AMD64 Family 23 Model 160 Stepping 0, AuthenticAMD
TMP=C:\Users\syahmia\AppData\Local\Temp
TEMP=C:\Users\syahmia\AppData\Local\Temp



Periodic native trim disabled


---------------  S Y S T E M  ---------------

OS:
 Windows 11 , 64 bit Build 22621 (10.0.22621.3235)
OS uptime: 7 days 16:32 hours
Hyper-V role detected

CPU: total 8 (initial active 8) (8 cores per cpu, 2 threads per core) family 23 model 160 stepping 0 microcode 0x0, cx8, cmov, fxsr, ht, mmx, 3dnowpref, sse, sse2, sse3, ssse3, sse4a, sse4.1, sse4.2, popcnt, lzcnt, tsc, tscinvbit, avx, avx2, aes, clmul, bmi1, bmi2, adx, sha, fma, vzeroupper, clflush, clflushopt, hv
Processor Information for all 8 processors :
  Max Mhz: 2801, Current Mhz: 2801, Mhz Limit: 2801

Memory: 4k page, system-wide physical 5965M (27M free)
TotalPageFile size 24397M (AvailPageFile size 32M)
current process WorkingSet (physical memory assigned to process): 11M, peak: 11M
current process commit charge ("private bytes"): 60M, peak: 154M

vm_info: OpenJDK 64-Bit Server VM (17.0.9+9) for windows-amd64 JRE (17.0.9+9), built on Oct 26 2023 14:01:42 by "admin" with MS VC++ 16.10 / 16.11 (VS2019)

END.
